2021-02-20 22:08:52,669 - INFO - 
Config:
'add_train': False
'batch_size': 64
'continue_flag': ''
'cur_time': '2021_02_20_22_08_52'
'debug_mode': False
'debug_num': 500
'do_continue_train': False
'do_figure_save': False
'do_log_print_to_screen': True
'do_log_save_to_file': True
'do_predict': True
'do_train': True
'do_train_visualized': False
'dropout_rate': 0.2
'epoch': 10
'feature_columns': [2, 3, 4, 5, 6, 7, 8]
'figure_save_path': './figure/'
'hidden_size': 128
'input_size': 7
'label_columns': [4, 5]
'label_in_feature_index': [2, 3]
'learning_rate': 0.001
'log_save_path': './log/2021_02_20_22_08_52_keras/'
'lstm_layers': 2
'model_name': 'model_keras.h5'
'model_postfix': {'pytorch': '.pth'
'keras': '.h5'
'tensorflow': '.ckpt'}
'model_save_path': './checkpoint/keras/'
'output_size': 2
'patience': 5
'predict_day': 20
'random_seed': 42
'shuffle_train_data': True
'time_step': 20
'train_data_path': './data/stock_data.csv'
'train_data_rate': 0.95
'use_cuda': False
'used_frame': 'keras'
'valid_data_rate': 0.15
2021-02-20 22:09:59,704 - INFO - The mean squared error of stock ['low', 'high'] is [0.41383095 0.40354889]
2021-02-20 22:10:00,242 - INFO - The predicted stock low for the next 20 day(s) is: [3291.49237914 3249.63527919 3163.26956857 3064.69271326 3076.85875835
 3078.23269388 3063.37250293 3064.07635223 3086.10294162 3082.61252926
 3005.32046139 3011.21002395 3017.22699901 3053.24431845 3068.83620709
 3044.64261947 3051.99360584 3028.27171555 3031.3426771  3028.85455995]
2021-02-20 22:10:00,651 - INFO - The predicted stock high for the next 20 day(s) is: [3358.01945306 3348.73309971 3265.15869999 3154.09580459 3152.78454763
 3143.03094445 3114.82482784 3104.61433849 3121.91357773 3113.29643937
 3020.24395841 3019.14465114 3024.07042739 3064.31938065 3084.79419986
 3058.21467381 3065.52194546 3038.73274468 3041.28296568 3038.84017296]
