2021-02-20 22:02:24,436 - INFO - 
Config:
'add_train': False
'batch_size': 64
'continue_flag': ''
'cur_time': '2021_02_20_22_02_24'
'debug_mode': True
'debug_num': 500
'do_continue_train': False
'do_figure_save': False
'do_log_print_to_screen': True
'do_log_save_to_file': True
'do_predict': True
'do_train': True
'do_train_visualized': False
'dropout_rate': 0.2
'epoch': 20
'feature_columns': [2, 3, 4, 5, 6, 7, 8]
'figure_save_path': './figure/'
'hidden_size': 128
'input_size': 7
'label_columns': [4, 5]
'label_in_feature_index': [2, 3]
'learning_rate': 0.001
'log_save_path': './log/2021_02_20_22_02_24_keras/'
'lstm_layers': 2
'model_name': 'model_keras.h5'
'model_postfix': {'pytorch': '.pth'
'keras': '.h5'
'tensorflow': '.ckpt'}
'model_save_path': './checkpoint/keras/'
'output_size': 2
'patience': 5
'predict_day': 1
'random_seed': 42
'shuffle_train_data': True
'time_step': 20
'train_data_path': './data/stock_data.csv'
'train_data_rate': 0.95
'use_cuda': False
'used_frame': 'keras'
'valid_data_rate': 0.15
2021-02-20 22:03:28,797 - INFO - The mean squared error of stock ['low', 'high'] is [0.04495407 0.05206666]
2021-02-20 22:03:29,352 - INFO - The predicted stock low for the next 1 day(s) is: 686.6782952673494
2021-02-20 22:03:29,771 - INFO - The predicted stock high for the next 1 day(s) is: 695.2322978623183
